# JRE version: Java(TM) SE Runtime Environment (8.0_111-b14) (build 1.8.0_111-b14)
# Java VM: Java HotSpot(TM) Client VM (25.111-b14 mixed mode windows-x86 )
Heap:
 def new generation   total 15232K, used 1320K [0x05000000, 0x06080000, 0x0a550000)
  eden space 13568K,   9% used [0x05000000, 0x0514a298, 0x05d40000)
  from space 1664K,   0% used [0x05d40000, 0x05d40000, 0x05ee0000)
  to   space 1664K,   0% used [0x05ee0000, 0x05ee0000, 0x06080000)
 tenured generation   total 33720K, used 20230K [0x0a550000, 0x0c63e000, 0x15000000)
   the space 33720K,  59% used [0x0a550000, 0x0b911b10, 0x0b911c00, 0x0c63e000)
 Metaspace       used 13436K, capacity 13809K, committed 13952K, reserved 14720K
GC Heap History (10 events):
Event: 31.331 GC heap before
{Heap before GC invocations=19 (full 6):
 def new generation   total 11712K, used 10890K [0x05000000, 0x05cb0000, 0x0a550000)
  eden space 10432K,  94% used [0x05000000, 0x059a4138, 0x05a30000)
  from space 1280K,  79% used [0x05a30000, 0x05b2e958, 0x05b70000)
  to   space 1280K,   0% used [0x05b70000, 0x05b70000, 0x05cb0000)
 tenured generation   total 25904K, used 19146K [0x0a550000, 0x0be9c000, 0x15000000)
   the space 25904K,  73% used [0x0a550000, 0x0b802b90, 0x0b802c00, 0x0be9c000)
 Metaspace       used 12380K, capacity 12738K, committed 12928K, reserved 13696K
Event: 31.334 GC heap after
Heap after GC invocations=20 (full 6):
 def new generation   total 11712K, used 1230K [0x05000000, 0x05cb0000, 0x0a550000)
  eden space 10432K,   0% used [0x05000000, 0x05000000, 0x05a30000)
  from space 1280K,  96% used [0x05b70000, 0x05ca3970, 0x05cb0000)
  to   space 1280K,   0% used [0x05a30000, 0x05a30000, 0x05b70000)
 tenured generation   total 25904K, used 23774K [0x0a550000, 0x0be9c000, 0x15000000)
   the space 25904K,  91% used [0x0a550000, 0x0bc87a68, 0x0bc87c00, 0x0be9c000)
 Metaspace       used 12380K, capacity 12738K, committed 12928K, reserved 13696K
}
Event: 32.290 GC heap before
{Heap before GC invocations=20 (full 6):
 def new generation   total 11712K, used 11340K [0x05000000, 0x05cb0000, 0x0a550000)
  eden space 10432K,  96% used [0x05000000, 0x059dfa50, 0x05a30000)
  from space 1280K,  96% used [0x05b70000, 0x05ca3970, 0x05cb0000)
  to   space 1280K,   0% used [0x05a30000, 0x05a30000, 0x05b70000)
 tenured generation   total 25904K, used 23774K [0x0a550000, 0x0be9c000, 0x15000000)
   the space 25904K,  91% used [0x0a550000, 0x0bc87a68, 0x0bc87c00, 0x0be9c000)
 Metaspace       used 12380K, capacity 12738K, committed 12928K, reserved 13696K
Event: 32.309 GC heap after
Heap after GC invocations=21 (full 7):
 def new generation   total 11968K, used 0K [0x05000000, 0x05cf0000, 0x0a550000)
  eden space 10688K,   0% used [0x05000000, 0x05000000, 0x05a70000)
  from space 1280K,   0% used [0x05a70000, 0x05a70000, 0x05bb0000)
  to   space 1280K,   0% used [0x05bb0000, 0x05bb0000, 0x05cf0000)
 tenured generation   total 26412K, used 15846K [0x0a550000, 0x0bf1b000, 0x15000000)
   the space 26412K,  59% used [0x0a550000, 0x0b4c9a40, 0x0b4c9c00, 0x0bf1b000)
 Metaspace       used 12380K, capacity 12738K, committed 12928K, reserved 13696K
}
Event: 33.781 GC heap before
{Heap before GC invocations=21 (full 7):
 def new generation   total 11968K, used 10285K [0x05000000, 0x05cf0000, 0x0a550000)
  eden space 10688K,  96% used [0x05000000, 0x05a0b4d0, 0x05a70000)
  from space 1280K,   0% used [0x05a70000, 0x05a70000, 0x05bb0000)
  to   space 1280K,   0% used [0x05bb0000, 0x05bb0000, 0x05cf0000)
 tenured generation   total 26412K, used 15846K [0x0a550000, 0x0bf1b000, 0x15000000)
   the space 26412K,  59% used [0x0a550000, 0x0b4c9a40, 0x0b4c9c00, 0x0bf1b000)
 Metaspace       used 12380K, capacity 12738K, committed 12928K, reserved 13696K
Event: 33.785 GC heap after
Heap after GC invocations=22 (full 7):
 def new generation   total 11968K, used 1224K [0x05000000, 0x05cf0000, 0x0a550000)
  eden space 10688K,   0% used [0x05000000, 0x05000000, 0x05a70000)
  from space 1280K,  95% used [0x05bb0000, 0x05ce2210, 0x05cf0000)
  to   space 1280K,   0% used [0x05a70000, 0x05a70000, 0x05bb0000)
 tenured generation   total 26412K, used 21460K [0x0a550000, 0x0bf1b000, 0x15000000)
   the space 26412K,  81% used [0x0a550000, 0x0ba451f0, 0x0ba45200, 0x0bf1b000)
 Metaspace       used 12380K, capacity 12738K, committed 12928K, reserved 13696K
}
Event: 35.380 GC heap before
{Heap before GC invocations=22 (full 7):
 def new generation   total 11968K, used 11912K [0x05000000, 0x05cf0000, 0x0a550000)
  eden space 10688K, 100% used [0x05000000, 0x05a70000, 0x05a70000)
  from space 1280K,  95% used [0x05bb0000, 0x05ce2380, 0x05cf0000)
  to   space 1280K,   0% used [0x05a70000, 0x05a70000, 0x05bb0000)
 tenured generation   total 26412K, used 21460K [0x0a550000, 0x0bf1b000, 0x15000000)
   the space 26412K,  81% used [0x0a550000, 0x0ba451f0, 0x0ba45200, 0x0bf1b000)
 Metaspace       used 12384K, capacity 12743K, committed 12928K, reserved 13696K
Event: 35.386 GC heap after
Heap after GC invocations=23 (full 7):
 def new generation   total 11968K, used 1280K [0x05000000, 0x05cf0000, 0x0a550000)
  eden space 10688K,   0% used [0x05000000, 0x05000000, 0x05a70000)
  from space 1280K, 100% used [0x05a70000, 0x05bb0000, 0x05bb0000)
  to   space 1280K,   0% used [0x05bb0000, 0x05bb0000, 0x05cf0000)
 tenured generation   total 27656K, used 27558K [0x0a550000, 0x0c052000, 0x15000000)
   the space 27656K,  99% used [0x0a550000, 0x0c039aa0, 0x0c039c00, 0x0c052000)
 Metaspace       used 12384K, capacity 12743K, committed 12928K, reserved 13696K
}
Event: 49.320 GC heap before
{Heap before GC invocations=23 (full 7):
 def new generation   total 11968K, used 11966K [0x05000000, 0x05cf0000, 0x0a550000)
  eden space 10688K,  99% used [0x05000000, 0x05a6fbd0, 0x05a70000)
  from space 1280K, 100% used [0x05a70000, 0x05bb0000, 0x05bb0000)
  to   space 1280K,   0% used [0x05bb0000, 0x05bb0000, 0x05cf0000)
 tenured generation   total 27656K, used 27558K [0x0a550000, 0x0c052000, 0x15000000)
   the space 27656K,  99% used [0x0a550000, 0x0c039aa0, 0x0c039c00, 0x0c052000)
 Metaspace       used 13343K, capacity 13743K, committed 13824K, reserved 14720K
Event: 49.344 GC heap after
Heap after GC invocations=24 (full 8):
 def new generation   total 15232K, used 0K [0x05000000, 0x06080000, 0x0a550000)
  eden space 13568K,   0% used [0x05000000, 0x05000000, 0x05d40000)
  from space 1664K,   0% used [0x05d40000, 0x05d40000, 0x05ee0000)
  to   space 1664K,   0% used [0x05ee0000, 0x05ee0000, 0x06080000)
 tenured generation   total 33720K, used 20230K [0x0a550000, 0x0c63e000, 0x15000000)
   the space 33720K,  59% used [0x0a550000, 0x0b911b10, 0x0b911c00, 0x0c63e000)
 Metaspace       used 13343K, capacity 13743K, committed 13824K, reserved 14720K
}

